Fri Aug  8 07:37:22 2025 [4764][1][FATAL] [BannerHook] Ejecutando hook after_save en Documents
Fri Aug  8 07:37:45 2025 [4764][1][FATAL] [BannerHook] Ejecutando hook after_save en Documents
Fri Aug  8 07:53:11 2025 [4764][1][FATAL] [BannerHook] Ejecutando hook after_save en Documents
Fri Aug  8 07:54:10 2025 [4764][1][FATAL] [BannerHook] Ejecutando hook after_save en Documents
Fri Aug  8 07:55:52 2025 [4764][1][FATAL] [BannerHook] Ejecutando hook after_save en Documents
Fri Aug  8 07:57:39 2025 [4764][1][FATAL] [BannerHook] Ejecutando hook after_save en Documents
Sun Aug 10 21:04:59 2025 [14924][1][FATAL] [BannerHook] Ejecutando hook after_save en Documents
Sun Aug 10 21:07:23 2025 [14924][1][FATAL] [BannerHook] Ejecutando hook after_save en Documents
Sun Aug 10 21:12:14 2025 [14924][1][FATAL] [BannerHook] Ejecutando hook after_save en Documents
Sun Aug 10 21:21:54 2025 [14924][1][FATAL] [BannerHook] Ejecutando hook after_save en Documents
Sun Aug 10 21:24:18 2025 [14924][1][FATAL] [BannerHook] Ejecutando hook after_save en Documents
Sun Aug 10 21:25:50 2025 [14924][1][FATAL] [BannerHook] Ejecutando hook after_save en Documents
Sun Aug 10 21:27:03 2025 [14924][1][FATAL] [BannerHook] Ejecutando hook after_save en Documents
Sun Aug 10 21:28:48 2025 [14924][1][FATAL] [BannerHook] Ejecutando hook after_save en Documents
Sun Aug 10 21:31:42 2025 [14924][1][FATAL] [BannerHook] Ejecutando hook after_save en Documents
Sun Aug 10 22:02:18 2025 [14924][1][FATAL] [BannerHook] Ejecutando hook after_save en Documents
Sun Aug 10 22:03:24 2025 [14924][1][FATAL] [BannerHook] Ejecutando hook after_save en Documents
Sun Aug 10 22:06:47 2025 [14924][1][FATAL] [BannerHook] Ejecutando hook after_save en Documents
Sun Aug 10 22:07:23 2025 [14924][1][FATAL] [BannerHook] Ejecutando hook after_save en Documents
Sun Aug 10 23:37:17 2025 [14924][1][FATAL] Mysqli_query failed.
Sun Aug 10 23:37:17 2025 [14924][1][FATAL] Error retrieving categories:  Query Failed: SELECT id, name FROM aos_product_categories WHERE deleted=0 and parent_id IS NULL ORDER BY name: MySQL error 1054: Unknown column 'parent_id' in 'where clause'
Sun Aug 10 23:37:17 2025 [14924][1][FATAL] Exception handling in C:\xampp\htdocs\kovra_ultimo\crm\include\MVC\Controller\SugarController.php:397
Sun Aug 10 23:37:17 2025 [14924][1][FATAL] Exception in Controller: Falla de base de datos. Consulte suitecrm.log para obtener más información.
Sun Aug 10 23:48:28 2025 [14924][1][FATAL] [BannerHook] Ejecutando hook after_save en Documents
Sat Aug 16 22:17:24 2025 [20164][-none-][FATAL] SECURITY: User authentication for admin failed
Sat Aug 16 22:17:25 2025 [20164][-none-][FATAL] FAILED LOGIN:attempts[1], ip[::1], username[admin]
Sat Aug 16 22:17:31 2025 [20164][-none-][FATAL] SECURITY: User authentication for admin failed
Sat Aug 16 22:17:31 2025 [20164][-none-][FATAL] FAILED LOGIN:attempts[1], ip[::1], username[admin]
Sat Aug 16 22:17:39 2025 [20164][-none-][FATAL] SECURITY: User authentication for admin failed
Sat Aug 16 22:17:40 2025 [20164][-none-][FATAL] FAILED LOGIN:attempts[1], ip[::1], username[admin]
