Thu, 23 May 2024 01:49:19 +0200 [UpgradeWizard] - setting session variables...
Thu, 23 May 2024 01:49:19 +0200 [UpgradeWizard] - -----------------------------------------------------------------------------
Thu, 23 May 2024 01:49:19 +0200 [UpgradeWizard] - Upgrade started. At start.php
Thu, 23 May 2024 01:49:19 +0200 [UpgradeWizard] - resetting $_SESSION
Thu, 23 May 2024 01:49:25 +0200 [UpgradeWizard] - setting session variables...
Thu, 23 May 2024 01:49:25 +0200 [UpgradeWizard] - [At systemCheck.php]
Thu, 23 May 2024 01:49:25 +0200 [UpgradeWizard] - Starting file permission check...
Thu, 23 May 2024 01:49:25 +0200 [UpgradeWizard] - Finished file permission check.
Thu, 23 May 2024 01:49:25 +0200 [UpgradeWizard] - Starting database permissions check...
Thu, 23 May 2024 01:49:25 +0200 [UpgradeWizard] - Checking CREATE TABLE permissions...
Thu, 23 May 2024 01:49:25 +0200 [UpgradeWizard] - Checking INSERT INTO permissions...
Thu, 23 May 2024 01:49:25 +0200 [UpgradeWizard] - Checking UPDATE TABLE permissions...
Thu, 23 May 2024 01:49:25 +0200 [UpgradeWizard] - Checking SELECT permissions...
Thu, 23 May 2024 01:49:25 +0200 [UpgradeWizard] - Checking DELETE FROM permissions...
Thu, 23 May 2024 01:49:25 +0200 [UpgradeWizard] - Checking ALTER TABLE ADD COLUMN permissions...
Thu, 23 May 2024 01:49:25 +0200 [UpgradeWizard] - Checking ALTER TABLE CHANGE COLUMN permissions...
Thu, 23 May 2024 01:49:25 +0200 [UpgradeWizard] - Checking ALTER TABLE DROP COLUMN permissions...
Thu, 23 May 2024 01:49:25 +0200 [UpgradeWizard] - Checking DROP TABLE permissions...
Thu, 23 May 2024 01:49:25 +0200 [UpgradeWizard] - No permissions errors found!
Thu, 23 May 2024 01:49:25 +0200 [UpgradeWizard] - Finished database permissions check.
Thu, 23 May 2024 01:49:29 +0200 [UpgradeWizard] - setting session variables...
Thu, 23 May 2024 01:49:29 +0200 [UpgradeWizard] - At upload.php
Thu, 23 May 2024 01:49:29 +0200 [UpgradeWizard] - finding new files for upgrade
Thu, 23 May 2024 01:49:29 +0200 [UpgradeWizard] - *** UW using [  ] as source for patch files.
Thu, 23 May 2024 01:49:32 +0200 [UpgradeWizard] - setting session variables...
Thu, 23 May 2024 01:49:32 +0200 [UpgradeWizard] - at preflight.php
Thu, 23 May 2024 01:49:32 +0200 [UpgradeWizard] - unzipping files in upgrade archive...
Thu, 23 May 2024 01:49:32 +0200 [UpgradeWizard] - resetting $_SESSION
Thu, 23 May 2024 01:49:32 +0200 [UpgradeWizard] - *** ERROR: found too many preflight errors - displaying errors and stopping execution.
Thu, 23 May 2024 01:49:32 +0200 [UpgradeWizard] - starting schema preflight check...
Thu, 23 May 2024 01:49:32 +0200 [UpgradeWizard] - looking for schema script at: /scripts/650_to__mysql.sql
Thu, 23 May 2024 01:49:32 +0200 [UpgradeWizard] - no schema script found - all schema preflight skipped
Thu, 23 May 2024 01:49:32 +0200 [UpgradeWizard] - schema preflight done.
